2023-10-02T09:58:09.104Z info: POST:/api/auth
2023-10-02T09:59:15.012Z info: POST:/api/auth
2023-10-02T10:02:19.191Z info: POST:/api/auth
2023-10-02T10:03:04.187Z info: POST:/api/auth
2023-10-02T10:04:12.408Z info: POST:/jwt/register
2023-10-02T10:05:36.581Z info: POST:/jwt/register
2023-10-02T10:06:47.319Z info: POST:/api/jwt/register
2023-10-02T10:07:54.880Z info: POST:/api/auth/jwt/register
2023-10-02T10:25:25.187Z info: POST:/api/auth/jwt/register
2023-10-04T09:18:18.761Z info: GET:/api/newsposts?page=1&size=6
2023-10-04T09:18:18.764Z info: BODY:{}
2023-10-04T09:18:18.765Z info: FIELDS:{}
2023-10-04T09:18:18.797Z info: GET:/api/newsposts?page=1&size=6
2023-10-04T09:18:18.800Z info: BODY:{}
2023-10-04T09:18:18.802Z info: FIELDS:{}
2023-10-04T09:26:13.765Z info: GET:/api/newsposts?page=1&size=6
2023-10-04T09:26:13.766Z info: BODY:{}
2023-10-04T09:26:13.767Z info: FIELDS:{}
2023-10-04T09:26:13.777Z info: GET:/api/newsposts?page=1&size=6
2023-10-04T09:26:13.778Z info: BODY:{}
2023-10-04T09:26:13.779Z info: FIELDS:{}
2023-10-04T10:01:51.800Z info: GET:/api/newsposts?page=1&size=6
2023-10-04T10:01:51.834Z info: BODY:{}
2023-10-04T10:01:51.835Z info: FIELDS:{}
2023-10-04T10:01:51.885Z info: GET:/api/newsposts?page=1&size=6
2023-10-04T10:01:51.886Z info: BODY:{}
2023-10-04T10:01:51.886Z info: FIELDS:{}
2023-10-04T10:06:58.620Z info: GET:/api/newsposts?page=1&size=6
2023-10-04T10:06:58.621Z info: BODY:{}
2023-10-04T10:06:58.621Z info: FIELDS:{}
2023-10-04T10:06:58.652Z info: GET:/api/newsposts?page=1&size=6
2023-10-04T10:06:58.658Z info: BODY:{}
2023-10-04T10:06:58.659Z info: FIELDS:{}
2023-10-04T10:09:35.206Z info: GET:/api/newsposts?page=1&size=6
2023-10-04T10:09:35.207Z info: BODY:{}
2023-10-04T10:09:35.207Z info: FIELDS:{}
2023-10-04T10:09:35.291Z info: GET:/api/newsposts?page=1&size=6
2023-10-04T10:09:35.291Z info: BODY:{}
2023-10-04T10:09:35.293Z info: FIELDS:{}
2023-10-04T10:10:49.058Z info: GET:/api/newsposts?page=1&size=6
2023-10-04T10:10:49.059Z info: BODY:{}
2023-10-04T10:10:49.059Z info: FIELDS:{}
2023-10-04T10:10:49.070Z info: GET:/api/newsposts?page=1&size=6
2023-10-04T10:10:49.071Z info: BODY:{}
2023-10-04T10:10:49.071Z info: FIELDS:{}
2023-10-04T10:11:50.142Z info: GET:/api/newsposts?page=1&size=6
2023-10-04T10:11:50.142Z info: BODY:{}
2023-10-04T10:11:50.143Z info: FIELDS:{}
2023-10-04T10:11:50.154Z info: GET:/api/newsposts?page=1&size=6
2023-10-04T10:11:50.155Z info: BODY:{}
2023-10-04T10:11:50.155Z info: FIELDS:{}
2023-10-04T10:31:12.861Z info: GET:/api/newsposts?page=1&size=6
2023-10-04T10:31:12.883Z info: BODY:{}
2023-10-04T10:31:12.884Z info: FIELDS:{}
2023-10-04T10:31:19.676Z info: GET:/api/newsposts?page=1&size=6
2023-10-04T10:31:19.678Z info: BODY:{}
2023-10-04T10:31:19.679Z info: FIELDS:{}
2023-10-04T10:31:19.692Z info: GET:/api/newsposts?page=1&size=6
2023-10-04T10:31:19.694Z info: BODY:{}
2023-10-04T10:31:19.695Z info: FIELDS:{}
2023-10-04T10:31:49.940Z info: POST:/api/auth/login
2023-10-04T11:12:39.174Z info: GET:/api/newsposts?page=1&size=6
2023-10-04T11:12:39.181Z info: BODY:{}
2023-10-04T11:12:39.182Z info: FIELDS:{}
2023-10-04T11:12:39.186Z info: GET:/api/newsposts?page=1&size=6
2023-10-04T11:12:39.187Z info: BODY:{}
2023-10-04T11:12:39.188Z info: FIELDS:{}
2023-10-04T11:12:52.741Z info: POST:/api/auth/login
2023-10-04T11:14:05.511Z info: POST:/api/auth/login
2023-10-04T11:16:20.546Z info: GET:/api/newsposts?page=1&size=6
2023-10-04T11:16:20.546Z info: BODY:{}
2023-10-04T11:16:20.547Z info: FIELDS:{}
2023-10-04T11:16:20.630Z info: GET:/api/newsposts?page=1&size=6
2023-10-04T11:16:20.631Z info: BODY:{}
2023-10-04T11:16:20.631Z info: FIELDS:{}
2023-10-04T11:18:25.872Z info: GET:/api/newsposts?page=1&size=6
2023-10-04T11:18:25.873Z info: BODY:{}
2023-10-04T11:18:25.873Z info: FIELDS:{}
2023-10-04T11:18:25.874Z info: GET:/api/newsposts?page=1&size=6
2023-10-04T11:18:25.875Z info: BODY:{}
2023-10-04T11:18:25.875Z info: FIELDS:{}
2023-10-04T11:18:45.856Z info: GET:/api/newsposts?page=1&size=6
2023-10-04T11:18:45.857Z info: BODY:{}
2023-10-04T11:18:45.857Z info: FIELDS:{}
2023-10-04T11:20:18.874Z info: GET:/api/newsposts?page=1&size=6
2023-10-04T11:20:18.875Z info: BODY:{}
2023-10-04T11:20:18.875Z info: FIELDS:{}
2023-10-04T11:22:06.856Z info: GET:/api/newsposts?page=1&size=6
2023-10-04T11:22:06.857Z info: BODY:{}
2023-10-04T11:22:06.857Z info: FIELDS:{}
2023-10-04T11:22:17.891Z info: GET:/api/newsposts?page=1&size=6
2023-10-04T11:22:17.892Z info: BODY:{}
2023-10-04T11:22:17.893Z info: FIELDS:{}
2023-10-04T11:25:36.860Z info: GET:/api/newsposts?page=1&size=6
2023-10-04T11:25:36.860Z info: BODY:{}
2023-10-04T11:25:36.861Z info: FIELDS:{}
2023-10-04T11:27:56.928Z info: GET:/api/newsposts?page=1&size=6
2023-10-04T11:27:56.928Z info: BODY:{}
2023-10-04T11:27:56.929Z info: FIELDS:{}
2023-10-04T11:27:56.931Z info: GET:/api/newsposts?page=1&size=6
2023-10-04T11:27:56.931Z info: BODY:{}
2023-10-04T11:27:56.932Z info: FIELDS:{}
2023-10-04T11:31:11.844Z info: GET:/api/newsposts?page=1&size=6
2023-10-04T11:31:11.845Z info: BODY:{}
2023-10-04T11:31:11.845Z info: FIELDS:{}
2023-10-04T11:31:31.623Z info: GET:/api/newsposts?page=1&size=6
2023-10-04T11:31:31.624Z info: BODY:{}
2023-10-04T11:31:31.625Z info: FIELDS:{}
2023-10-04T11:31:31.626Z info: GET:/api/newsposts?page=1&size=6
2023-10-04T11:31:31.627Z info: BODY:{}
2023-10-04T11:31:31.627Z info: FIELDS:{}
2023-10-04T11:32:41.594Z info: GET:/api/newsposts?page=1&size=6
2023-10-04T11:32:41.595Z info: BODY:{}
2023-10-04T11:32:41.595Z info: FIELDS:{}
2023-10-04T11:32:41.764Z info: GET:/api/newsposts?page=1&size=6
2023-10-04T11:32:41.765Z info: BODY:{}
2023-10-04T11:32:41.766Z info: FIELDS:{}
2023-10-04T11:32:53.292Z info: GET:/api/newsposts?page=1&size=6
2023-10-04T11:32:53.293Z info: BODY:{}
2023-10-04T11:32:53.294Z info: FIELDS:{}
2023-10-04T11:32:53.295Z info: GET:/api/newsposts?page=1&size=6
2023-10-04T11:32:53.296Z info: BODY:{}
2023-10-04T11:32:53.296Z info: FIELDS:{}
2023-10-04T11:33:05.492Z info: POST:/api/auth/login
2023-10-04T11:34:02.516Z info: GET:/api/newsposts?page=1&size=6
2023-10-04T11:34:02.517Z info: BODY:{}
2023-10-04T11:34:02.517Z info: FIELDS:{}
2023-10-04T11:34:02.517Z info: GET:/api/newsposts?page=1&size=6
2023-10-04T11:34:02.518Z info: BODY:{}
2023-10-04T11:34:02.518Z info: FIELDS:{}
2023-10-04T11:34:15.112Z info: GET:/api/newsposts?page=1&size=6
2023-10-04T11:34:15.113Z info: BODY:{}
2023-10-04T11:34:15.113Z info: FIELDS:{}
2023-10-04T11:34:15.114Z info: GET:/api/newsposts?page=1&size=6
2023-10-04T11:34:15.115Z info: BODY:{}
2023-10-04T11:34:15.115Z info: FIELDS:{}
2023-10-04T11:36:07.989Z info: GET:/api/newsposts?page=1&size=6
2023-10-04T11:36:07.994Z info: BODY:{}
2023-10-04T11:36:07.995Z info: FIELDS:{}
2023-10-04T11:36:08.000Z info: GET:/api/newsposts?page=1&size=6
2023-10-04T11:36:08.001Z info: BODY:{}
2023-10-04T11:36:08.002Z info: FIELDS:{}
2023-10-04T11:43:09.023Z info: GET:/api/newsposts?page=1&size=6
2023-10-04T11:43:09.036Z info: BODY:{}
2023-10-04T11:43:09.038Z info: FIELDS:{}
2023-10-04T11:44:16.633Z info: GET:/api/newsposts?page=1&size=6
2023-10-04T11:44:16.635Z info: BODY:{}
2023-10-04T11:44:16.636Z info: FIELDS:{}
2023-10-04T11:44:16.640Z info: GET:/api/newsposts?page=1&size=6
2023-10-04T11:44:16.642Z info: BODY:{}
2023-10-04T11:44:16.642Z info: FIELDS:{}
2023-10-04T11:44:27.185Z info: GET:/api/newsposts?page=1&size=6
2023-10-04T11:44:27.186Z info: BODY:{}
2023-10-04T11:44:27.187Z info: FIELDS:{}
2023-10-04T11:44:50.781Z info: POST:/api/auth/login
2023-10-04T11:46:05.865Z info: GET:/api/newsposts?page=1&size=6
2023-10-04T11:46:05.866Z info: BODY:{}
2023-10-04T11:46:05.869Z info: FIELDS:{}
2023-10-04T11:46:05.967Z info: GET:/api/newsposts?page=1&size=6
2023-10-04T11:46:05.968Z info: BODY:{}
2023-10-04T11:46:05.969Z info: FIELDS:{}
2023-10-04T11:46:13.906Z info: GET:/api/newsposts?page=1&size=6
2023-10-04T11:46:13.907Z info: BODY:{}
2023-10-04T11:46:13.908Z info: FIELDS:{}
2023-10-04T11:46:13.911Z info: GET:/api/newsposts?page=1&size=6
2023-10-04T11:46:13.912Z info: BODY:{}
2023-10-04T11:46:13.912Z info: FIELDS:{}
2023-10-04T11:46:48.863Z info: GET:/api/newsposts?page=1&size=6
2023-10-04T11:46:48.864Z info: BODY:{}
2023-10-04T11:46:48.864Z info: FIELDS:{}
2023-10-04T11:47:10.882Z info: GET:/api/newsposts?page=1&size=6
2023-10-04T11:47:10.884Z info: BODY:{}
2023-10-04T11:47:10.885Z info: FIELDS:{}
2023-10-04T11:47:10.892Z info: GET:/api/newsposts?page=1&size=6
2023-10-04T11:47:10.893Z info: BODY:{}
2023-10-04T11:47:10.894Z info: FIELDS:{}
2023-10-04T11:47:46.852Z info: GET:/api/newsposts?page=1&size=6
2023-10-04T11:47:46.854Z info: BODY:{}
2023-10-04T11:47:46.855Z info: FIELDS:{}
2023-10-04T11:48:04.876Z info: GET:/api/newsposts?page=1&size=6
2023-10-04T11:48:04.878Z info: BODY:{}
2023-10-04T11:48:04.879Z info: FIELDS:{}
2023-10-04T11:48:44.668Z info: GET:/api/newsposts?page=1&size=6
2023-10-04T11:48:44.668Z info: BODY:{}
2023-10-04T11:48:44.669Z info: FIELDS:{}
2023-10-04T11:49:04.881Z info: GET:/api/newsposts?page=1&size=6
2023-10-04T11:49:04.882Z info: BODY:{}
2023-10-04T11:49:04.883Z info: FIELDS:{}
2023-10-04T11:54:49.799Z info: GET:/api/newsposts?page=1&size=6
2023-10-04T11:54:49.801Z info: BODY:{}
2023-10-04T11:54:49.802Z info: FIELDS:{}
2023-10-04T11:54:58.889Z info: GET:/api/newsposts?page=1&size=6
2023-10-04T11:54:58.890Z info: BODY:{}
2023-10-04T11:54:58.891Z info: FIELDS:{}
2023-10-04T11:54:58.893Z info: GET:/api/newsposts?page=1&size=6
2023-10-04T11:54:58.894Z info: BODY:{}
2023-10-04T11:54:58.894Z info: FIELDS:{}
2023-10-04T12:02:11.911Z info: GET:/api/newsposts?page=1&size=6
2023-10-04T12:02:11.915Z info: BODY:{}
2023-10-04T12:02:11.916Z info: FIELDS:{}
2023-10-04T12:02:11.920Z info: GET:/api/newsposts?page=1&size=6
2023-10-04T12:02:11.921Z info: BODY:{}
2023-10-04T12:02:11.921Z info: FIELDS:{}
2023-10-04T12:03:15.838Z info: GET:/api/newsposts?page=1&size=6
2023-10-04T12:03:15.841Z info: BODY:{}
2023-10-04T12:03:15.842Z info: FIELDS:{}
2023-10-04T12:04:52.863Z info: GET:/api/newsposts?page=1&size=6
2023-10-04T12:04:52.866Z info: BODY:{}
2023-10-04T12:04:52.867Z info: FIELDS:{}
2023-10-04T12:05:00.532Z info: GET:/api/newsposts?page=1&size=6
2023-10-04T12:05:00.533Z info: BODY:{}
2023-10-04T12:05:00.536Z info: FIELDS:{}
2023-10-04T12:05:00.551Z info: GET:/api/newsposts?page=1&size=6
2023-10-04T12:05:00.551Z info: BODY:{}
2023-10-04T12:05:00.552Z info: FIELDS:{}
2023-10-04T12:05:12.605Z info: POST:/api/auth/login
2023-10-04T12:08:06.367Z info: GET:/api/newsposts?page=1&size=6
2023-10-04T12:08:06.369Z info: BODY:{}
2023-10-04T12:08:06.369Z info: FIELDS:{}
2023-10-04T12:31:23.567Z info: GET:/api/newsposts?page=1&size=6
2023-10-04T12:31:23.592Z info: BODY:{}
2023-10-04T12:31:23.593Z info: FIELDS:{}
2023-10-04T12:31:23.611Z info: GET:/api/newsposts?page=1&size=6
2023-10-04T12:31:23.617Z info: BODY:{}
2023-10-04T12:31:23.619Z info: FIELDS:{}
2023-10-04T12:42:23.771Z info: GET:/api/newsposts?page=1&size=6
2023-10-04T12:42:23.778Z info: BODY:{}
2023-10-04T12:42:23.780Z info: FIELDS:{}
2023-10-04T12:42:23.787Z info: GET:/api/newsposts?page=1&size=6
2023-10-04T12:42:23.788Z info: BODY:{}
2023-10-04T12:42:23.792Z info: FIELDS:{}
2023-10-04T12:44:32.093Z info: GET:/api/newsposts?page=1&size=6
2023-10-04T12:44:32.095Z info: BODY:{}
2023-10-04T12:44:32.096Z info: FIELDS:{}
2023-10-04T12:44:32.102Z info: GET:/api/newsposts?page=1&size=6
2023-10-04T12:44:32.103Z info: BODY:{}
2023-10-04T12:44:32.103Z info: FIELDS:{}
2023-10-04T12:45:06.536Z info: GET:/api/newsposts?page=1&size=6
2023-10-04T12:45:06.537Z info: BODY:{}
2023-10-04T12:45:06.538Z info: FIELDS:{}
2023-10-04T12:45:06.543Z info: GET:/api/newsposts?page=1&size=6
2023-10-04T12:45:06.544Z info: BODY:{}
2023-10-04T12:45:06.545Z info: FIELDS:{}
2023-10-04T12:47:50.403Z info: GET:/api/newsposts?page=1&size=6
2023-10-04T12:47:50.404Z info: BODY:{}
2023-10-04T12:47:50.404Z info: FIELDS:{}
2023-10-04T12:47:50.411Z info: GET:/api/newsposts?page=1&size=6
2023-10-04T12:47:50.412Z info: BODY:{}
2023-10-04T12:47:50.412Z info: FIELDS:{}
2023-10-04T12:49:36.972Z info: GET:/api/newsposts?page=1&size=6
2023-10-04T12:49:36.973Z info: BODY:{}
2023-10-04T12:49:36.973Z info: FIELDS:{}
2023-10-04T12:49:36.976Z info: GET:/api/newsposts?page=1&size=6
2023-10-04T12:49:36.977Z info: BODY:{}
2023-10-04T12:49:36.978Z info: FIELDS:{}
2023-10-04T12:53:33.917Z info: POST:/api/auth/signup
2023-10-04T12:55:47.294Z info: GET:/api/newsposts?page=1&size=6
2023-10-04T12:55:47.295Z info: BODY:{}
2023-10-04T12:55:47.296Z info: FIELDS:{}
2023-10-04T12:55:47.299Z info: GET:/api/newsposts?page=1&size=6
2023-10-04T12:55:47.300Z info: BODY:{}
2023-10-04T12:55:47.301Z info: FIELDS:{}
2023-10-04T13:02:45.108Z info: POST:/api/auth/login
2023-10-04T13:02:46.031Z info: DELETE:/api/newsposts/8
2023-10-04T13:02:46.034Z info: BODY:{}
2023-10-04T13:02:46.034Z info: FIELDS:{}
2023-10-04T13:20:27.519Z info: GET:/api/newsposts?page=1&size=6
2023-10-04T13:20:27.523Z info: BODY:{}
2023-10-04T13:20:27.523Z info: FIELDS:{}
2023-10-04T13:20:27.527Z info: GET:/api/newsposts?page=1&size=6
2023-10-04T13:20:27.527Z info: BODY:{}
2023-10-04T13:20:27.527Z info: FIELDS:{}
2023-10-04T13:21:44.692Z info: GET:/api/newsposts?page=1&size=6
2023-10-04T13:21:44.694Z info: BODY:{}
2023-10-04T13:21:44.694Z info: FIELDS:{}
2023-10-04T13:21:44.696Z info: GET:/api/newsposts?page=1&size=6
2023-10-04T13:21:44.698Z info: BODY:{}
2023-10-04T13:21:44.699Z info: FIELDS:{}
2023-10-31T08:08:43.681Z info: GET:/api/newsposts?page=1&size=6
2023-10-31T08:08:43.686Z info: BODY:{}
2023-10-31T08:08:43.687Z info: FIELDS:{}
2023-10-31T08:08:44.018Z info: GET:/api/newsposts?page=1&size=6
2023-10-31T08:08:44.019Z info: BODY:{}
2023-10-31T08:08:44.019Z info: FIELDS:{}
2023-10-31T08:08:44.176Z info: GET:/favicon.ico
2024-07-11T20:42:42.212Z info: POST:/api/auth/register
2024-07-11T20:42:53.153Z info: POST:/api/auth/register
2024-07-11T20:45:19.730Z info: POST:/api/auth/register
2024-07-11T20:53:20.350Z info: POST:/api/auth/register
2024-07-11T20:54:22.150Z info: POST:/api/auth/register
2024-07-11T20:55:43.487Z info: POST:/api/auth/register
2024-07-11T20:56:29.923Z info: POST:/api/auth/register
2024-07-11T21:02:58.337Z info: POST:/api/auth/register
2024-07-11T21:08:00.983Z info: POST:/api/auth/register
2024-07-11T21:08:53.159Z info: POST:/api/auth/register
2024-07-11T21:13:52.172Z info: POST:/api/auth/register
2024-07-11T21:14:44.650Z info: POST:/api/auth/register
2024-07-12T06:37:50.943Z info: POST:/api/auth/register
2024-07-12T06:49:09.055Z info: POST:/api/auth/register
2024-07-12T07:06:42.837Z info: POST:/api/auth/register
2024-07-12T08:18:58.941Z info: POST:/api/auth/login
2024-07-12T08:20:45.179Z info: POST:/api/auth/login
2024-07-12T08:22:07.284Z info: POST:/api/auth/login
2024-07-12T08:23:19.369Z info: POST:/api/auth/register
2024-07-12T08:24:41.045Z info: POST:/api/auth/login
2024-07-19T20:09:13.973Z info: GET:/api/doctors
2024-07-19T20:18:39.876Z info: GET:/api/doctors
2024-07-19T20:21:53.546Z info: GET:/api/doctors
2024-07-19T20:24:45.076Z info: GET:/api/doctors
2024-07-19T20:25:28.894Z info: GET:/api/doctors
2024-07-19T20:27:05.320Z info: GET:/api/doctors
2024-07-19T20:29:11.345Z info: GET:/api/doctors
2024-07-19T20:30:41.526Z info: GET:/api/doctors
2024-07-19T20:33:10.277Z info: GET:/api/doctors
2024-07-19T20:36:52.066Z info: GET:/api/doctors
2024-07-20T19:01:17.380Z info: GET:/api/doctors
2024-07-20T19:02:30.320Z info: GET:/api/doctors
2024-07-20T19:05:09.340Z info: GET:/api/doctors
2024-07-20T19:06:21.813Z info: GET:/api/doctors?specialization=Neurology
2024-07-20T19:10:46.847Z info: GET:/api/doctors?specialization=Neurology
2024-07-20T19:11:00.028Z info: GET:/api/doctors?specialization=Neurology
2024-07-20T19:17:16.744Z info: POST:/api/auth/register
2024-07-20T19:24:24.843Z info: GET:/api/doctors?specialization=Neurology
2024-07-20T19:24:31.930Z info: GET:/api/doctors?specialization=Neurology
2024-07-20T19:25:13.120Z info: GET:/api/doctors?specialization=Neurology
2024-07-20T19:26:21.999Z info: GET:/api/doctors?specialization=Neurology
2024-07-20T19:27:35.285Z info: GET:/api/doctors?specialization=Neurology
2024-07-20T20:29:38.722Z info: GET:/api/doctors?specialization=Neurology
2024-07-20T20:50:29.782Z info: GET:/api/doctors?specialization=Neurology
2024-07-20T20:56:43.734Z info: GET:/api/doctors?specialization=Neurology
2024-07-20T20:58:20.324Z info: GET:/api/doctors?specialization=Neurology
2024-07-20T21:02:56.273Z info: GET:/api/doctors
2024-07-20T21:07:42.446Z info: GET:/api/doctors
2024-07-20T21:08:47.894Z info: GET:/api/doctors
2024-07-20T21:09:48.733Z info: GET:/api/doctors
2024-07-23T07:10:16.266Z info: GET:/api/doctors
2024-07-23T07:21:54.039Z info: POST:/api/appointment
2024-07-23T07:22:01.949Z info: POST:/api/appointments
2024-07-23T07:23:22.108Z info: POST:/api/auth/register
2024-07-23T07:35:28.628Z error: Unexpected token { in JSON at position 20
2024-07-23T07:39:52.468Z error: Unexpected token { in JSON at position 20
2024-07-23T07:40:54.690Z error: Unexpected token { in JSON at position 20
2024-07-23T07:43:57.031Z info: POST:/api/appointments
2024-07-23T07:44:33.747Z info: POST:/api/appointments
2024-07-23T07:44:33.753Z error: Cannot read properties of undefined (reading 'appointmentService')
2024-07-23T07:47:23.499Z info: POST:/api/appointments
2024-07-23T07:47:23.526Z error: Cannot read properties of undefined (reading 'appointmentService')
2024-07-23T07:52:03.988Z info: POST:/api/appointments
2024-07-23T07:52:04.000Z error: Cannot read properties of undefined (reading 'appointmenstService')
2024-07-23T07:55:51.141Z info: POST:/api/appointments
2024-07-23T07:57:49.594Z info: POST:/api/appointments
2024-07-23T08:02:01.178Z info: POST:/api/appointments
2024-07-23T08:05:42.916Z info: POST:/api/appointments
2024-07-23T08:10:24.012Z info: POST:/api/appointments
2024-07-23T08:10:57.345Z info: POST:/api/appointments
2024-07-23T08:11:48.651Z info: POST:/api/auth/register
2024-07-23T08:12:11.714Z info: POST:/api/appointments
2024-07-23T08:14:09.752Z info: POST:/api/appointments
2024-07-23T08:14:56.429Z info: POST:/api/appointments
2024-07-23T08:15:30.523Z info: POST:/api/appointments
2024-07-23T08:19:32.296Z info: POST:/api/appointments
2024-07-23T08:32:40.714Z info: PUT:/api/appointments
2024-07-23T08:37:00.866Z info: PUT:/api/appointments
2024-07-23T08:47:29.039Z info: GET:/api/appointments/3
2024-07-23T08:47:50.475Z info: PUT:/api/appointments
2024-07-23T08:50:08.643Z info: GET:/api/appointments/3
2024-07-23T08:51:15.025Z info: GET:/api/appointments/3
2024-07-23T08:52:02.493Z info: GET:/api/appointments/3
2024-07-23T10:16:55.518Z info: DELETE:/api/appointments/9
2024-07-23T10:18:02.648Z info: DELETE:/api/appointments/9
2024-07-23T10:18:43.664Z info: DELETE:/api/appointments/9
2024-07-24T11:18:42.114Z info: POST:/api/auth/register
2024-07-24T11:20:33.988Z info: POST:/api/auth/register
2024-07-24T11:21:28.208Z info: POST:/api/auth/register
2024-07-24T11:22:19.700Z info: POST:/api/auth/register
2024-07-24T11:23:03.743Z info: GET:/api/doctors
2024-07-24T11:24:24.186Z info: GET:/api/doctors
2024-07-24T11:41:49.872Z info: GET:/api/doctors/29
2024-07-24T11:44:05.196Z info: GET:/api/doctors/29
2024-07-24T11:45:13.287Z info: GET:/api/doctors/29
2024-07-24T11:45:49.108Z info: GET:/api/doctors/29
2024-07-24T11:46:59.591Z info: GET:/api/doctors/29
2024-07-24T11:48:14.720Z info: GET:/api/doctors/29
2024-07-24T11:48:40.610Z info: GET:/api/doctors/29
2024-07-24T11:51:11.543Z info: GET:/api/doctors/29
2024-07-24T12:36:35.499Z info: GET:/api/doctors/Cardiology
2024-07-24T12:44:45.364Z error: Unexpected token a in JSON at position 16
2024-07-24T12:46:09.014Z info: POST:/api/auth/register
2024-07-24T13:04:25.733Z info: POST:/api/auth/register
2024-07-24T13:05:32.313Z info: POST:/api/auth/register
2024-07-24T13:06:40.387Z info: POST:/api/auth/register
2024-07-24T13:07:08.988Z info: POST:/api/auth/login
2024-07-24T13:12:26.295Z info: POST:/api/auth/login
2024-07-24T13:15:43.175Z info: POST:/api/auth/register
2024-07-24T13:16:56.472Z info: POST:/api/auth/register
2024-07-24T13:18:10.147Z info: POST:/api/auth/register
2024-07-24T13:18:33.451Z info: POST:/api/auth/login
2024-07-24T13:18:42.856Z info: GET:/api/doctors
2024-07-24T13:19:15.707Z info: GET:/api/doctors?specialization=Cardiology
2024-07-24T13:19:40.501Z info: GET:/api/doctors/eyJhbGciOiJIUzI1NiIsInR5cCI6IkpXVCJ9.eyJzdWIiOiJlQGdtYWlsLmNvbSIsIm5hbWUiOiJEZW5pcyBTYXJpayIsInJvbGUiOiJwYXRpZW50IiwiaWF0IjoxNzIxODI3MTE0LCJleHAiOjE3MjE4MjgwMTR9.-V0ZJ1l3QaNj6l93rpvV6yvSL2JKvgxPybnfSF3dBAE
2024-07-24T13:20:35.115Z info: GET:/api/doctors/1
2024-07-24T13:21:38.738Z info: POST:/api/appointments
2024-07-24T13:23:56.608Z info: POST:/api/appointments
2024-07-24T13:26:40.700Z info: POST:/api/appointments
